0 info it worked if it ends with ok
1 verbose cli [ '/usr/local/bin/node',
1 verbose cli   '/usr/local/bin/npm',
1 verbose cli   'install',
1 verbose cli   '--save',
1 verbose cli   'i2c' ]
2 info using npm@2.14.2
3 info using node@v4.0.0
4 verbose install initial load of /Users/marcgille/git/thing-it-node/package.json
5 warn package.json thing-it-node@0.8.17 license should be a valid SPDX license expression
6 verbose installManyTop reading scoped package data from /Users/marcgille/git/thing-it-node/node_modules/body-parser/package.json
7 verbose installManyTop reading scoped package data from /Users/marcgille/git/thing-it-node/node_modules/busboy/package.json
8 verbose installManyTop reading scoped package data from /Users/marcgille/git/thing-it-node/node_modules/cors/package.json
9 verbose installManyTop reading scoped package data from /Users/marcgille/git/thing-it-node/node_modules/express/package.json
10 verbose installManyTop reading scoped package data from /Users/marcgille/git/thing-it-node/node_modules/getmac/package.json
11 verbose installManyTop reading scoped package data from /Users/marcgille/git/thing-it-node/node_modules/lodash/package.json
12 verbose installManyTop reading scoped package data from /Users/marcgille/git/thing-it-node/node_modules/mime/package.json
13 verbose installManyTop reading scoped package data from /Users/marcgille/git/thing-it-node/node_modules/mocha/package.json
14 verbose installManyTop reading scoped package data from /Users/marcgille/git/thing-it-node/node_modules/moment/package.json
15 verbose installManyTop reading scoped package data from /Users/marcgille/git/thing-it-node/node_modules/net/package.json
16 verbose installManyTop reading scoped package data from /Users/marcgille/git/thing-it-node/node_modules/noble/package.json
17 verbose installManyTop reading scoped package data from /Users/marcgille/git/thing-it-node/node_modules/node-uuid/package.json
18 verbose installManyTop reading scoped package data from /Users/marcgille/git/thing-it-node/node_modules/nodemailer/package.json
19 verbose installManyTop reading scoped package data from /Users/marcgille/git/thing-it-node/node_modules/npm/package.json
20 verbose installManyTop reading scoped package data from /Users/marcgille/git/thing-it-node/node_modules/q/package.json
21 verbose installManyTop reading scoped package data from /Users/marcgille/git/thing-it-node/node_modules/readline-sync/package.json
22 verbose installManyTop reading scoped package data from /Users/marcgille/git/thing-it-node/node_modules/request/package.json
23 verbose installManyTop reading scoped package data from /Users/marcgille/git/thing-it-node/node_modules/socket.io/package.json
24 verbose installManyTop reading scoped package data from /Users/marcgille/git/thing-it-node/node_modules/socket.io-client/package.json
25 verbose installManyTop reading scoped package data from /Users/marcgille/git/thing-it-node/node_modules/thing-it-device-aircable/package.json
26 verbose installManyTop reading scoped package data from /Users/marcgille/git/thing-it-node/node_modules/thing-it-device-ar-drone/package.json
27 verbose installManyTop reading scoped package data from /Users/marcgille/git/thing-it-node/node_modules/thing-it-device-art-net/package.json
28 verbose installManyTop reading scoped package data from /Users/marcgille/git/thing-it-node/node_modules/thing-it-device-atlas-scientific/package.json
29 verbose installManyTop reading scoped package data from /Users/marcgille/git/thing-it-node/node_modules/thing-it-device-btle-heart-rate-monitor/package.json
30 verbose installManyTop reading scoped package data from /Users/marcgille/git/thing-it-node/node_modules/thing-it-device-camera/package.json
31 verbose installManyTop reading scoped package data from /Users/marcgille/git/thing-it-node/node_modules/thing-it-device-ecobee/package.json
32 verbose installManyTop reading scoped package data from /Users/marcgille/git/thing-it-node/node_modules/thing-it-device-foscam/package.json
33 verbose installManyTop reading scoped package data from /Users/marcgille/git/thing-it-node/node_modules/thing-it-device-helbio/package.json
34 verbose installManyTop reading scoped package data from /Users/marcgille/git/thing-it-node/node_modules/thing-it-device-ibeacon/package.json
35 verbose installManyTop reading scoped package data from /Users/marcgille/git/thing-it-node/node_modules/thing-it-device-itach/package.json
36 verbose installManyTop reading scoped package data from /Users/marcgille/git/thing-it-node/node_modules/thing-it-device-kidde/package.json
37 verbose installManyTop reading scoped package data from /Users/marcgille/git/thing-it-node/node_modules/thing-it-device-microcontroller/package.json
38 verbose installManyTop reading scoped package data from /Users/marcgille/git/thing-it-node/node_modules/thing-it-device-philips-hue/package.json
39 verbose installManyTop reading scoped package data from /Users/marcgille/git/thing-it-node/node_modules/thing-it-device-plugwise/package.json
40 verbose installManyTop reading scoped package data from /Users/marcgille/git/thing-it-node/node_modules/thing-it-device-radio-thermostat/package.json
41 verbose installManyTop reading scoped package data from /Users/marcgille/git/thing-it-node/node_modules/thing-it-device-safe-plug/package.json
42 verbose installManyTop reading scoped package data from /Users/marcgille/git/thing-it-node/node_modules/thing-it-device-sonos/package.json
43 verbose installManyTop reading scoped package data from /Users/marcgille/git/thing-it-node/node_modules/thing-it-device-swann/package.json
44 verbose installManyTop reading scoped package data from /Users/marcgille/git/thing-it-node/node_modules/thing-it-device-temperature-alert/package.json
45 verbose installManyTop reading scoped package data from /Users/marcgille/git/thing-it-node/node_modules/thing-it-device-ti-sensortag/package.json
46 verbose installManyTop reading scoped package data from /Users/marcgille/git/thing-it-node/node_modules/thing-it-device-unitec/package.json
47 verbose installManyTop reading scoped package data from /Users/marcgille/git/thing-it-node/node_modules/thing-it-device-yamaha/package.json
48 verbose installManyTop reading scoped package data from /Users/marcgille/git/thing-it-node/node_modules/thing-it-device-z-wave/package.json
49 verbose installManyTop reading scoped package data from /Users/marcgille/git/thing-it-node/node_modules/yargs/package.json
50 info package.json busboy@0.2.11 No license field.
51 info package.json mime@1.3.4 No license field.
52 info package.json node-uuid@1.4.3 No license field.
53 info package.json q@1.4.1 license should be a valid SPDX license expression
54 info package.json thing-it-device-ar-drone@0.0.9 license should be a valid SPDX license expression
55 info package.json thing-it-device-atlas-scientific@0.0.7 No license field.
56 info package.json thing-it-device-btle-heart-rate-monitor@0.0.10 license should be a valid SPDX license expression
57 info package.json thing-it-device-camera@0.0.1 No repository field.
58 info package.json thing-it-device-camera@0.0.1 license should be a valid SPDX license expression
59 info package.json thing-it-device-foscam@0.1.10 license should be a valid SPDX license expression
60 info package.json thing-it-device-ecobee@0.0.4 license should be a valid SPDX license expression
61 info package.json thing-it-device-helbio@0.0.2 license should be a valid SPDX license expression
62 info package.json thing-it-device-ibeacon@0.0.3 No license field.
63 info package.json thing-it-device-itach@0.2.11 license should be a valid SPDX license expression
64 info package.json thing-it-device-kidde@0.0.12 license should be a valid SPDX license expression
65 info package.json thing-it-device-microcontroller@0.0.4 No repository field.
66 info package.json thing-it-device-microcontroller@0.0.4 license should be a valid SPDX license expression
67 info package.json thing-it-device-philips-hue@0.1.20 license should be a valid SPDX license expression
68 info package.json thing-it-device-plugwise@0.0.13 license should be a valid SPDX license expression
69 info package.json thing-it-device-safe-plug@0.0.2 license should be a valid SPDX license expression
70 info package.json thing-it-device-swann@0.0.20 license should be a valid SPDX license expression
71 info package.json thing-it-device-ti-sensortag@0.1.3 No license field.
72 info package.json thing-it-device-unitec@0.0.2 No license field.
73 info package.json getmac@1.0.7 license should be a valid SPDX license expression
74 info package.json net@1.0.2 net is also the name of a node core module.
75 info package.json net@1.0.2 'repositories' (plural) Not supported. Please pick one as the 'repository' field
76 info package.json net@1.0.2 No README data
77 info package.json net@1.0.2 license should be a valid SPDX license expression
78 info package.json socket.io@1.3.7 No license field.
79 info package.json thing-it-device-aircable@0.0.21 No license field.
80 info package.json thing-it-device-art-net@0.0.19 license should be a valid SPDX license expression
81 info package.json thing-it-device-temperature-alert@0.0.15 license should be a valid SPDX license expression
82 info package.json thing-it-device-z-wave@0.0.33 No license field.
83 verbose readDependencies loading dependencies from /Users/marcgille/git/thing-it-node/package.json
84 silly cache add args [ 'i2c', null ]
85 verbose cache add spec i2c
86 silly cache add parsed spec Result {
86 silly cache add   raw: 'i2c',
86 silly cache add   scope: null,
86 silly cache add   name: 'i2c',
86 silly cache add   rawSpec: '',
86 silly cache add   spec: '*',
86 silly cache add   type: 'range' }
87 silly addNamed i2c@*
88 verbose addNamed "*" is a valid semver range for i2c
89 silly addNameRange { name: 'i2c', range: '*', hasData: false }
90 silly mapToRegistry name i2c
91 silly mapToRegistry using default registry
92 silly mapToRegistry registry https://registry.npmjs.org/
93 silly mapToRegistry uri https://registry.npmjs.org/i2c
94 verbose addNameRange registry:https://registry.npmjs.org/i2c not in flight; fetching
95 verbose request uri https://registry.npmjs.org/i2c
96 verbose request no auth needed
97 info attempt registry request try #1 at 9:11:30 PM
98 verbose request using bearer token for auth
99 verbose request id bbc150b2ed6693e0
100 http request GET https://registry.npmjs.org/i2c
101 http 200 https://registry.npmjs.org/i2c
102 silly get cb [ 200,
102 silly get   { server: 'CouchDB/1.5.0 (Erlang OTP/R16B03)',
102 silly get     etag: '"90UCDD7LM2VCL5PIKOLXEQM5E"',
102 silly get     'content-type': 'application/json',
102 silly get     'content-encoding': 'gzip',
102 silly get     'cache-control': 'max-age=300',
102 silly get     'transfer-encoding': 'chunked',
102 silly get     'accept-ranges': 'bytes',
102 silly get     date: 'Sun, 15 May 2016 19:11:30 GMT',
102 silly get     via: '1.1 varnish',
102 silly get     connection: 'keep-alive',
102 silly get     'x-served-by': 'cache-ams4134-AMS',
102 silly get     'x-cache': 'MISS',
102 silly get     'x-cache-hits': '0',
102 silly get     'x-timer': 'S1463339490.134666,VS0,VE107',
102 silly get     vary: 'Accept-Encoding' } ]
103 verbose get saving i2c to /Users/marcgille/.npm/registry.npmjs.org/i2c/.cache.json
104 silly addNameRange number 2 { name: 'i2c', range: '*', hasData: true }
105 silly addNameRange versions [ 'i2c',
105 silly addNameRange   [ '0.0.1',
105 silly addNameRange     '0.0.2',
105 silly addNameRange     '0.0.3',
105 silly addNameRange     '0.0.4',
105 silly addNameRange     '0.0.5',
105 silly addNameRange     '0.1.0',
105 silly addNameRange     '0.1.1',
105 silly addNameRange     '0.1.2',
105 silly addNameRange     '0.1.3',
105 silly addNameRange     '0.1.4',
105 silly addNameRange     '0.1.5',
105 silly addNameRange     '0.1.6',
105 silly addNameRange     '0.1.7',
105 silly addNameRange     '0.1.8',
105 silly addNameRange     '0.2.0',
105 silly addNameRange     '0.2.1' ] ]
106 silly addNamed i2c@0.2.1
107 verbose addNamed "0.2.1" is a plain semver version for i2c
108 silly mapToRegistry name i2c
109 silly mapToRegistry using default registry
110 silly mapToRegistry registry https://registry.npmjs.org/
111 silly mapToRegistry uri https://registry.npmjs.org/i2c
112 verbose addRemoteTarball https://registry.npmjs.org/i2c/-/i2c-0.2.1.tgz not in flight; adding
113 verbose addRemoteTarball [ 'https://registry.npmjs.org/i2c/-/i2c-0.2.1.tgz',
113 verbose addRemoteTarball   'e5687031c60acf09aa7ea9d35221a9e9161e0abc' ]
114 info retry fetch attempt 1 at 9:11:30 PM
115 info attempt registry request try #1 at 9:11:30 PM
116 http fetch GET https://registry.npmjs.org/i2c/-/i2c-0.2.1.tgz
117 verbose request using bearer token for auth
118 http fetch 200 https://registry.npmjs.org/i2c/-/i2c-0.2.1.tgz
119 silly fetchAndShaCheck shasum e5687031c60acf09aa7ea9d35221a9e9161e0abc
120 verbose addTmpTarball /var/folders/x9/ytmbx6052x18vtrjrkcjcs1c0000gn/T/npm-5076-9bb655bf/registry.npmjs.org/i2c/-/i2c-0.2.1.tgz not in flight; adding
121 verbose addTmpTarball already have metadata; skipping unpack for i2c@0.2.1
122 silly cache afterAdd i2c@0.2.1
123 verbose afterAdd /Users/marcgille/.npm/i2c/0.2.1/package/package.json not in flight; writing
124 verbose afterAdd /Users/marcgille/.npm/i2c/0.2.1/package/package.json written
125 silly install resolved [ { name: 'i2c',
125 silly install resolved     version: '0.2.1',
125 silly install resolved     description: 'Native bindings for i2c-dev. Plays well with Raspberry Pi and BeagleBone.',
125 silly install resolved     main: 'main.js',
125 silly install resolved     author: { name: 'Kelly Korevec' },
125 silly install resolved     repository: { type: 'git', url: 'http://github.com/korevec/node-i2c.git' },
125 silly install resolved     license: 'BSD',
125 silly install resolved     dependencies:
125 silly install resolved      { bindings: '1.2.1',
125 silly install resolved        underscore: '1.8.2',
125 silly install resolved        'coffee-script': '1.9.1',
125 silly install resolved        repl: '0.1.3' },
125 silly install resolved     engine: 'node >= 0.12.0',
125 silly install resolved     scripts: { install: 'node-gyp rebuild' },
125 silly install resolved     gypfile: true,
125 silly install resolved     bugs: { url: 'https://github.com/korevec/node-i2c/issues' },
125 silly install resolved     homepage: 'https://github.com/korevec/node-i2c',
125 silly install resolved     _id: 'i2c@0.2.1',
125 silly install resolved     dist:
125 silly install resolved      { shasum: 'e5687031c60acf09aa7ea9d35221a9e9161e0abc',
125 silly install resolved        tarball: 'https://registry.npmjs.org/i2c/-/i2c-0.2.1.tgz' },
125 silly install resolved     _from: 'i2c@*',
125 silly install resolved     _npmVersion: '1.3.14',
125 silly install resolved     _npmUser: { name: 'kelly', email: 'korevec@gmail.com' },
125 silly install resolved     maintainers: [ [Object] ],
125 silly install resolved     directories: {},
125 silly install resolved     _shasum: 'e5687031c60acf09aa7ea9d35221a9e9161e0abc',
125 silly install resolved     _resolved: 'https://registry.npmjs.org/i2c/-/i2c-0.2.1.tgz' } ]
126 info install i2c@0.2.1 into /Users/marcgille/git/thing-it-node
127 info installOne i2c@0.2.1
128 verbose installOne of i2c to /Users/marcgille/git/thing-it-node not in flight; installing
129 verbose lock using /Users/marcgille/.npm/_locks/i2c-b74b2169a713489a.lock for /Users/marcgille/git/thing-it-node/node_modules/i2c
130 silly install write writing i2c 0.2.1 to /Users/marcgille/git/thing-it-node/node_modules/i2c
131 verbose unbuild node_modules/i2c
132 silly gentlyRm /Users/marcgille/git/thing-it-node/node_modules/i2c is being purged from base /Users/marcgille/git/thing-it-node
133 verbose gentlyRm don't care about contents; nuking /Users/marcgille/git/thing-it-node/node_modules/i2c
134 verbose tar unpack /Users/marcgille/.npm/i2c/0.2.1/package.tgz
135 verbose tar unpacking to /Users/marcgille/git/thing-it-node/node_modules/i2c
136 silly gentlyRm /Users/marcgille/git/thing-it-node/node_modules/i2c is being purged
137 verbose gentlyRm don't care about contents; nuking /Users/marcgille/git/thing-it-node/node_modules/i2c
138 silly gunzTarPerm modes [ '755', '644' ]
139 silly gunzTarPerm extractEntry package.json
140 silly gunzTarPerm extractEntry .npmignore
141 silly gunzTarPerm extractEntry README.md
142 silly gunzTarPerm extractEntry LICENSE
143 silly gunzTarPerm extractEntry main.js
144 silly gunzTarPerm extractEntry binding.gyp
145 silly gunzTarPerm extractEntry examples/accelerometer/accel.coffee
146 silly gunzTarPerm extractEntry examples/blinkm/blinkm.coffee
147 silly gunzTarPerm extractEntry lib/i2c.coffee
148 silly gunzTarPerm extractEntry src/i2c-dev.c
149 silly gunzTarPerm extractEntry src/i2c-dev.h
150 silly gunzTarPerm extractEntry src/i2c.cc
151 verbose write writing to /Users/marcgille/git/thing-it-node/node_modules/i2c/package.json
152 info preinstall i2c@0.2.1
153 verbose readDependencies loading dependencies from /Users/marcgille/git/thing-it-node/node_modules/i2c/package.json
154 silly prepareForInstallMany adding bindings@1.2.1 from i2c dependencies
155 silly prepareForInstallMany adding underscore@1.8.2 from i2c dependencies
156 silly prepareForInstallMany adding coffee-script@1.9.1 from i2c dependencies
157 silly prepareForInstallMany adding repl@0.1.3 from i2c dependencies
158 verbose readDependencies loading dependencies from /Users/marcgille/git/thing-it-node/node_modules/i2c/package.json
159 silly cache add args [ 'underscore@1.8.2', null ]
160 verbose cache add spec underscore@1.8.2
161 silly cache add parsed spec Result {
161 silly cache add   raw: 'underscore@1.8.2',
161 silly cache add   scope: null,
161 silly cache add   name: 'underscore',
161 silly cache add   rawSpec: '1.8.2',
161 silly cache add   spec: '1.8.2',
161 silly cache add   type: 'version' }
162 silly addNamed underscore@1.8.2
163 verbose addNamed "1.8.2" is a plain semver version for underscore
164 silly mapToRegistry name underscore
165 silly mapToRegistry using default registry
166 silly mapToRegistry registry https://registry.npmjs.org/
167 silly mapToRegistry uri https://registry.npmjs.org/underscore
168 verbose addNameVersion registry:https://registry.npmjs.org/underscore not in flight; fetching
169 silly cache add args [ 'coffee-script@1.9.1', null ]
170 verbose cache add spec coffee-script@1.9.1
171 silly cache add parsed spec Result {
171 silly cache add   raw: 'coffee-script@1.9.1',
171 silly cache add   scope: null,
171 silly cache add   name: 'coffee-script',
171 silly cache add   rawSpec: '1.9.1',
171 silly cache add   spec: '1.9.1',
171 silly cache add   type: 'version' }
172 silly addNamed coffee-script@1.9.1
173 verbose addNamed "1.9.1" is a plain semver version for coffee-script
174 silly mapToRegistry name coffee-script
175 silly mapToRegistry using default registry
176 silly mapToRegistry registry https://registry.npmjs.org/
177 silly mapToRegistry uri https://registry.npmjs.org/coffee-script
178 verbose addNameVersion registry:https://registry.npmjs.org/coffee-script not in flight; fetching
179 silly cache add args [ 'repl@0.1.3', null ]
180 verbose cache add spec repl@0.1.3
181 silly cache add parsed spec Result {
181 silly cache add   raw: 'repl@0.1.3',
181 silly cache add   scope: null,
181 silly cache add   name: 'repl',
181 silly cache add   rawSpec: '0.1.3',
181 silly cache add   spec: '0.1.3',
181 silly cache add   type: 'version' }
182 silly addNamed repl@0.1.3
183 verbose addNamed "0.1.3" is a plain semver version for repl
184 silly mapToRegistry name repl
185 silly mapToRegistry using default registry
186 silly mapToRegistry registry https://registry.npmjs.org/
187 silly mapToRegistry uri https://registry.npmjs.org/repl
188 verbose addNameVersion registry:https://registry.npmjs.org/repl not in flight; fetching
189 silly cache add args [ 'bindings@1.2.1', null ]
190 verbose cache add spec bindings@1.2.1
191 silly cache add parsed spec Result {
191 silly cache add   raw: 'bindings@1.2.1',
191 silly cache add   scope: null,
191 silly cache add   name: 'bindings',
191 silly cache add   rawSpec: '1.2.1',
191 silly cache add   spec: '1.2.1',
191 silly cache add   type: 'version' }
192 silly addNamed bindings@1.2.1
193 verbose addNamed "1.2.1" is a plain semver version for bindings
194 silly mapToRegistry name bindings
195 silly mapToRegistry using default registry
196 silly mapToRegistry registry https://registry.npmjs.org/
197 silly mapToRegistry uri https://registry.npmjs.org/bindings
198 verbose addNameVersion registry:https://registry.npmjs.org/bindings not in flight; fetching
199 verbose request uri https://registry.npmjs.org/repl
200 verbose request no auth needed
201 info attempt registry request try #1 at 9:11:30 PM
202 verbose request using bearer token for auth
203 http request GET https://registry.npmjs.org/repl
204 verbose request uri https://registry.npmjs.org/bindings
205 verbose request no auth needed
206 info attempt registry request try #1 at 9:11:30 PM
207 verbose request using bearer token for auth
208 verbose etag "5MNVCWCD1NYN71LZKTD8QDCME"
209 http request GET https://registry.npmjs.org/bindings
210 verbose request uri https://registry.npmjs.org/coffee-script
211 verbose request no auth needed
212 info attempt registry request try #1 at 9:11:30 PM
213 verbose request using bearer token for auth
214 verbose etag "44APQ6IX5RUCQTYYDY8ZY4R21"
215 http request GET https://registry.npmjs.org/coffee-script
216 verbose request uri https://registry.npmjs.org/underscore
217 verbose request no auth needed
218 info attempt registry request try #1 at 9:11:30 PM
219 verbose request using bearer token for auth
220 verbose etag "DODO0OHKJ08CXU1NQACFRFJO9"
221 http request GET https://registry.npmjs.org/underscore
222 http 200 https://registry.npmjs.org/repl
223 silly get cb [ 200,
223 silly get   { server: 'CouchDB/1.5.0 (Erlang OTP/R16B03)',
223 silly get     etag: '"B2YIZ9SHIPM70CR4ZZI8WJ13O"',
223 silly get     'content-type': 'application/json',
223 silly get     'content-encoding': 'gzip',
223 silly get     'cache-control': 'max-age=300',
223 silly get     'transfer-encoding': 'chunked',
223 silly get     'accept-ranges': 'bytes',
223 silly get     date: 'Sun, 15 May 2016 19:11:30 GMT',
223 silly get     via: '1.1 varnish',
223 silly get     connection: 'keep-alive',
223 silly get     'x-served-by': 'cache-ams4123-AMS',
223 silly get     'x-cache': 'MISS',
223 silly get     'x-cache-hits': '0',
223 silly get     'x-timer': 'S1463339490.528601,VS0,VE175',
223 silly get     vary: 'Accept-Encoding' } ]
224 verbose get saving repl to /Users/marcgille/.npm/registry.npmjs.org/repl/.cache.json
225 silly mapToRegistry name repl
226 silly mapToRegistry using default registry
227 silly mapToRegistry registry https://registry.npmjs.org/
228 silly mapToRegistry uri https://registry.npmjs.org/repl
229 verbose addRemoteTarball https://registry.npmjs.org/repl/-/repl-0.1.3.tgz not in flight; adding
230 verbose addRemoteTarball [ 'https://registry.npmjs.org/repl/-/repl-0.1.3.tgz',
230 verbose addRemoteTarball   '2f05d42b0c88b43d05ccbda10ed14aeff5699b60' ]
231 info retry fetch attempt 1 at 9:11:30 PM
232 info attempt registry request try #1 at 9:11:30 PM
233 http fetch GET https://registry.npmjs.org/repl/-/repl-0.1.3.tgz
234 verbose request using bearer token for auth
235 http 304 https://registry.npmjs.org/underscore
236 silly get cb [ 304,
236 silly get   { 'cache-control': 'max-age=300',
236 silly get     'accept-ranges': 'bytes',
236 silly get     date: 'Sun, 15 May 2016 19:11:30 GMT',
236 silly get     via: '1.1 varnish',
236 silly get     connection: 'keep-alive',
236 silly get     'x-served-by': 'cache-ams4127-AMS',
236 silly get     'x-cache': 'MISS',
236 silly get     'x-cache-hits': '0',
236 silly get     'x-timer': 'S1463339490.535231,VS0,VE179',
236 silly get     vary: 'Accept-Encoding' } ]
237 verbose etag https://registry.npmjs.org/underscore from cache
238 verbose get saving underscore to /Users/marcgille/.npm/registry.npmjs.org/underscore/.cache.json
239 silly mapToRegistry name underscore
240 silly mapToRegistry using default registry
241 silly mapToRegistry registry https://registry.npmjs.org/
242 silly mapToRegistry uri https://registry.npmjs.org/underscore
243 verbose addRemoteTarball https://registry.npmjs.org/underscore/-/underscore-1.8.2.tgz not in flight; adding
244 verbose addRemoteTarball [ 'https://registry.npmjs.org/underscore/-/underscore-1.8.2.tgz',
244 verbose addRemoteTarball   '64df2eb590899de950782f3735190ba42ebf311d' ]
245 info retry fetch attempt 1 at 9:11:30 PM
246 info attempt registry request try #1 at 9:11:30 PM
247 http fetch GET https://registry.npmjs.org/underscore/-/underscore-1.8.2.tgz
248 verbose request using bearer token for auth
249 http fetch 200 https://registry.npmjs.org/repl/-/repl-0.1.3.tgz
250 silly fetchAndShaCheck shasum 2f05d42b0c88b43d05ccbda10ed14aeff5699b60
251 verbose addTmpTarball /var/folders/x9/ytmbx6052x18vtrjrkcjcs1c0000gn/T/npm-5076-9bb655bf/registry.npmjs.org/repl/-/repl-0.1.3.tgz not in flight; adding
252 verbose addTmpTarball already have metadata; skipping unpack for repl@0.1.3
253 silly cache afterAdd repl@0.1.3
254 verbose afterAdd /Users/marcgille/.npm/repl/0.1.3/package/package.json not in flight; writing
255 verbose afterAdd /Users/marcgille/.npm/repl/0.1.3/package/package.json written
256 http fetch 200 https://registry.npmjs.org/underscore/-/underscore-1.8.2.tgz
257 silly fetchAndShaCheck shasum 64df2eb590899de950782f3735190ba42ebf311d
258 http 200 https://registry.npmjs.org/coffee-script
259 silly get cb [ 200,
259 silly get   { server: 'CouchDB/1.5.0 (Erlang OTP/R16B03)',
259 silly get     etag: '"8TCAF9MCAIKNBJ4QK3J2KMSXT"',
259 silly get     'content-type': 'application/json',
259 silly get     'content-encoding': 'gzip',
259 silly get     'cache-control': 'max-age=300',
259 silly get     'transfer-encoding': 'chunked',
259 silly get     'accept-ranges': 'bytes',
259 silly get     date: 'Sun, 15 May 2016 19:11:30 GMT',
259 silly get     via: '1.1 varnish',
259 silly get     connection: 'keep-alive',
259 silly get     'x-served-by': 'cache-ams4132-AMS',
259 silly get     'x-cache': 'MISS',
259 silly get     'x-cache-hits': '0',
259 silly get     'x-timer': 'S1463339490.534518,VS0,VE418',
259 silly get     vary: 'Accept-Encoding' } ]
260 verbose get saving coffee-script to /Users/marcgille/.npm/registry.npmjs.org/coffee-script/.cache.json
261 verbose addTmpTarball /var/folders/x9/ytmbx6052x18vtrjrkcjcs1c0000gn/T/npm-5076-9bb655bf/registry.npmjs.org/underscore/-/underscore-1.8.2.tgz not in flight; adding
262 verbose addTmpTarball already have metadata; skipping unpack for underscore@1.8.2
263 silly mapToRegistry name coffee-script
264 silly mapToRegistry using default registry
265 silly mapToRegistry registry https://registry.npmjs.org/
266 silly mapToRegistry uri https://registry.npmjs.org/coffee-script
267 verbose addRemoteTarball https://registry.npmjs.org/coffee-script/-/coffee-script-1.9.1.tgz not in flight; adding
268 verbose addRemoteTarball [ 'https://registry.npmjs.org/coffee-script/-/coffee-script-1.9.1.tgz',
268 verbose addRemoteTarball   'c458d02200f460d064a79cb6ab1ee6e2c9ca1c31' ]
269 silly cache afterAdd underscore@1.8.2
270 verbose afterAdd /Users/marcgille/.npm/underscore/1.8.2/package/package.json not in flight; writing
271 info retry fetch attempt 1 at 9:11:31 PM
272 info attempt registry request try #1 at 9:11:31 PM
273 http fetch GET https://registry.npmjs.org/coffee-script/-/coffee-script-1.9.1.tgz
274 verbose request using bearer token for auth
275 verbose afterAdd /Users/marcgille/.npm/underscore/1.8.2/package/package.json written
276 http fetch 200 https://registry.npmjs.org/coffee-script/-/coffee-script-1.9.1.tgz
277 silly fetchAndShaCheck shasum c458d02200f460d064a79cb6ab1ee6e2c9ca1c31
278 verbose addTmpTarball /var/folders/x9/ytmbx6052x18vtrjrkcjcs1c0000gn/T/npm-5076-9bb655bf/registry.npmjs.org/coffee-script/-/coffee-script-1.9.1.tgz not in flight; adding
279 verbose addTmpTarball already have metadata; skipping unpack for coffee-script@1.9.1
280 silly cache afterAdd coffee-script@1.9.1
281 verbose afterAdd /Users/marcgille/.npm/coffee-script/1.9.1/package/package.json not in flight; writing
282 verbose afterAdd /Users/marcgille/.npm/coffee-script/1.9.1/package/package.json written
283 http 304 https://registry.npmjs.org/bindings
284 silly get cb [ 304,
284 silly get   { 'cache-control': 'max-age=300',
284 silly get     'accept-ranges': 'bytes',
284 silly get     date: 'Sun, 15 May 2016 19:11:31 GMT',
284 silly get     via: '1.1 varnish',
284 silly get     connection: 'keep-alive',
284 silly get     'x-served-by': 'cache-ams4140-AMS',
284 silly get     'x-cache': 'MISS',
284 silly get     'x-cache-hits': '0',
284 silly get     'x-timer': 'S1463339490.532214,VS0,VE726',
284 silly get     vary: 'Accept-Encoding' } ]
285 verbose etag https://registry.npmjs.org/bindings from cache
286 verbose get saving bindings to /Users/marcgille/.npm/registry.npmjs.org/bindings/.cache.json
287 silly cache afterAdd bindings@1.2.1
288 verbose afterAdd /Users/marcgille/.npm/bindings/1.2.1/package/package.json not in flight; writing
289 verbose afterAdd /Users/marcgille/.npm/bindings/1.2.1/package/package.json written
290 silly install resolved [ { name: 'repl',
290 silly install resolved     author: { name: 'Firejune', url: 'http://firejune.com/' },
290 silly install resolved     version: '0.1.3',
290 silly install resolved     description: 'A simple fast template libray.',
290 silly install resolved     homepage: 'http://github.com/firejune/repl',
290 silly install resolved     keywords: [ 'template', 'engine', 'repl' ],
290 silly install resolved     main: 'lib/template',
290 silly install resolved     directories: { lib: 'lib' },
290 silly install resolved     repository: { type: 'git', url: 'git://github.com/firejune/repl.git' },
290 silly install resolved     licenses: [ [Object] ],
290 silly install resolved     bugs: { url: 'http://github.com/firejune/repl/issues' },
290 silly install resolved     engines: { node: '>= 0.4.0' },
290 silly install resolved     _npmUser: { name: 'firejune', email: 'to@firejune.com' },
290 silly install resolved     _id: 'repl@0.1.3',
290 silly install resolved     dependencies: {},
290 silly install resolved     devDependencies: {},
290 silly install resolved     _engineSupported: true,
290 silly install resolved     _npmVersion: '1.0.94',
290 silly install resolved     _nodeVersion: 'v0.4.12',
290 silly install resolved     _defaultsLoaded: true,
290 silly install resolved     dist:
290 silly install resolved      { shasum: '2f05d42b0c88b43d05ccbda10ed14aeff5699b60',
290 silly install resolved        tarball: 'https://registry.npmjs.org/repl/-/repl-0.1.3.tgz' },
290 silly install resolved     maintainers: [ [Object] ],
290 silly install resolved     _shasum: '2f05d42b0c88b43d05ccbda10ed14aeff5699b60',
290 silly install resolved     _resolved: 'https://registry.npmjs.org/repl/-/repl-0.1.3.tgz',
290 silly install resolved     _from: 'repl@0.1.3' },
290 silly install resolved   { name: 'underscore',
290 silly install resolved     description: 'JavaScript\'s functional programming helper library.',
290 silly install resolved     homepage: 'http://underscorejs.org',
290 silly install resolved     keywords: [ 'util', 'functional', 'server', 'client', 'browser' ],
290 silly install resolved     author: { name: 'Jeremy Ashkenas', email: 'jeremy@documentcloud.org' },
290 silly install resolved     repository:
290 silly install resolved      { type: 'git',
290 silly install resolved        url: 'git://github.com/jashkenas/underscore.git' },
290 silly install resolved     main: 'underscore.js',
290 silly install resolved     version: '1.8.2',
290 silly install resolved     devDependencies:
290 silly install resolved      { docco: '*',
290 silly install resolved        eslint: '0.6.x',
290 silly install resolved        karma: '~0.12.31',
290 silly install resolved        'karma-qunit': '~0.1.4',
290 silly install resolved        'qunit-cli': '~0.2.0',
290 silly install resolved        'uglify-js': '2.4.x' },
290 silly install resolved     scripts:
290 silly install resolved      { test: 'npm run test-node && npm run lint',
290 silly install resolved        lint: 'eslint underscore.js test/*.js',
290 silly install resolved        'test-node': 'qunit-cli test/*.js',
290 silly install resolved        'test-browser': 'npm i karma-phantomjs-launcher && ./node_modules/karma/bin/karma start',
290 silly install resolved        build: 'uglifyjs underscore.js -c "evaluate=false" --comments "/    .*/" -m --source-map underscore-min.map -o underscore-min.js',
290 silly install resolved        doc: 'docco underscore.js' },
290 silly install resolved     license: 'MIT',
290 silly install resolved     files:
290 silly install resolved      [ 'underscore.js',
290 silly install resolved        'underscore-min.js',
290 silly install resolved        'underscore-min.map',
290 silly install resolved        'LICENSE' ],
290 silly install resolved     gitHead: '19db749b190a7cb5a8b7ab1aab42c0e9dc517250',
290 silly install resolved     bugs: { url: 'https://github.com/jashkenas/underscore/issues' },
290 silly install resolved     _id: 'underscore@1.8.2',
290 silly install resolved     _shasum: '64df2eb590899de950782f3735190ba42ebf311d',
290 silly install resolved     _from: 'underscore@1.8.2',
290 silly install resolved     _npmVersion: '1.4.28',
290 silly install resolved     _npmUser: { name: 'jashkenas', email: 'jashkenas@gmail.com' },
290 silly install resolved     maintainers: [ [Object] ],
290 silly install resolved     dist:
290 silly install resolved      { shasum: '64df2eb590899de950782f3735190ba42ebf311d',
290 silly install resolved        tarball: 'https://registry.npmjs.org/underscore/-/underscore-1.8.2.tgz' },
290 silly install resolved     directories: {},
290 silly install resolved     _resolved: 'https://registry.npmjs.org/underscore/-/underscore-1.8.2.tgz' },
290 silly install resolved   { name: 'coffee-script',
290 silly install resolved     description: 'Unfancy JavaScript',
290 silly install resolved     keywords: [ 'javascript', 'language', 'coffeescript', 'compiler' ],
290 silly install resolved     author: { name: 'Jeremy Ashkenas' },
290 silly install resolved     version: '1.9.1',
290 silly install resolved     license: 'MIT',
290 silly install resolved     engines: { node: '>=0.8.0' },
290 silly install resolved     directories: { lib: './lib/coffee-script' },
290 silly install resolved     main: './lib/coffee-script/coffee-script',
290 silly install resolved     bin: { coffee: './bin/coffee', cake: './bin/cake' },
290 silly install resolved     preferGlobal: true,
290 silly install resolved     scripts:
290 silly install resolved      { test: 'node ./bin/cake test',
290 silly install resolved        'test-harmony': 'node --harmony ./bin/cake test' },
290 silly install resolved     homepage: 'http://coffeescript.org',
290 silly install resolved     bugs: { url: 'https://github.com/jashkenas/coffeescript/issues' },
290 silly install resolved     repository:
290 silly install resolved      { type: 'git',
290 silly install resolved        url: 'git://github.com/jashkenas/coffeescript.git' },
290 silly install resolved     devDependencies:
290 silly install resolved      { 'uglify-js': '~2.2',
290 silly install resolved        jison: '>=0.2.0',
290 silly install resolved        'highlight.js': '~8.0.0',
290 silly install resolved        underscore: '~1.5.2',
290 silly install resolved        docco: '~0.7.0' },
290 silly install resolved     gitHead: '533ad8afe920b2dbf64ffb00efda45648242cc24',
290 silly install resolved     _id: 'coffee-script@1.9.1',
290 silly install resolved     _shasum: 'c458d02200f460d064a79cb6ab1ee6e2c9ca1c31',
290 silly install resolved     _from: 'coffee-script@1.9.1',
290 silly install resolved     _npmVersion: '1.4.28',
290 silly install resolved     _npmUser: { name: 'jashkenas', email: 'jashkenas@gmail.com' },
290 silly install resolved     maintainers: [ [Object], [Object] ],
290 silly install resolved     dist:
290 silly install resolved      { shasum: 'c458d02200f460d064a79cb6ab1ee6e2c9ca1c31',
290 silly install resolved        tarball: 'https://registry.npmjs.org/coffee-script/-/coffee-script-1.9.1.tgz' },
290 silly install resolved     _resolved: 'https://registry.npmjs.org/coffee-script/-/coffee-script-1.9.1.tgz' },
290 silly install resolved   { name: 'bindings',
290 silly install resolved     description: 'Helper module for loading your native module\'s .node file',
290 silly install resolved     keywords: [ 'native', 'addon', 'bindings', 'gyp', 'waf', 'c', 'c++' ],
290 silly install resolved     version: '1.2.1',
290 silly install resolved     author:
290 silly install resolved      { name: 'Nathan Rajlich',
290 silly install resolved        email: 'nathan@tootallnate.net',
290 silly install resolved        url: 'http://tootallnate.net' },
290 silly install resolved     repository:
290 silly install resolved      { type: 'git',
290 silly install resolved        url: 'git://github.com/TooTallNate/node-bindings.git' },
290 silly install resolved     main: './bindings.js',
290 silly install resolved     bugs: { url: 'https://github.com/TooTallNate/node-bindings/issues' },
290 silly install resolved     homepage: 'https://github.com/TooTallNate/node-bindings',
290 silly install resolved     license: 'MIT',
290 silly install resolved     gitHead: 'e404152ee27f8478ccbc7122ee051246e8e5ec02',
290 silly install resolved     _id: 'bindings@1.2.1',
290 silly install resolved     scripts: {},
290 silly install resolved     _shasum: '14ad6113812d2d37d72e67b4cacb4bb726505f11',
290 silly install resolved     _from: 'bindings@1.2.1',
290 silly install resolved     _npmVersion: '1.4.14',
290 silly install resolved     _npmUser: { name: 'tootallnate', email: 'nathan@tootallnate.net' },
290 silly install resolved     maintainers: [ [Object], [Object] ],
290 silly install resolved     dist:
290 silly install resolved      { shasum: '14ad6113812d2d37d72e67b4cacb4bb726505f11',
290 silly install resolved        tarball: 'http://registry.npmjs.org/bindings/-/bindings-1.2.1.tgz' },
290 silly install resolved     directories: {},
290 silly install resolved     _resolved: 'https://registry.npmjs.org/bindings/-/bindings-1.2.1.tgz',
290 silly install resolved     readme: 'node-bindings\n=============\n### Helper module for loading your native module\'s .node file\n\nThis is a helper module for authors of Node.js native addon modules.\nIt is basically the "swiss army knife" of `require()`ing your native module\'s\n`.node` file.\n\nThroughout the course of Node\'s native addon history, addons have ended up being\ncompiled in a variety of different places, depending on which build tool and which\nversion of node was used. To make matters worse, now the _gyp_ build tool can\nproduce either a _Release_ or _Debug_ build, each being built into different\nlocations.\n\nThis module checks _all_ the possible locations that a native addon would be built\nat, and returns the first one that loads successfully.\n\n\nInstallation\n------------\n\nInstall with `npm`:\n\n``` bash\n$ npm install bindings\n```\n\nOr add it to the `"dependencies"` section of your _package.json_ file.\n\n\nExample\n-------\n\n`require()`ing the proper bindings file for the current node version, platform\nand architecture is as simple as:\n\n``` js\nvar bindings = require(\'bindings\')(\'binding.node\')\n\n// Use your bindings defined in your C files\nbindings.your_c_function()\n```\n\n\nNice Error Output\n-----------------\n\nWhen the `.node` file could not be loaded, `node-bindings` throws an Error with\na nice error message telling you exactly what was tried. You can also check the\n`err.tries` Array property.\n\n```\nError: Could not load the bindings file. Tried:\n → /Users/nrajlich/ref/build/binding.node\n → /Users/nrajlich/ref/build/Debug/binding.node\n → /Users/nrajlich/ref/build/Release/binding.node\n → /Users/nrajlich/ref/out/Debug/binding.node\n → /Users/nrajlich/ref/Debug/binding.node\n → /Users/nrajlich/ref/out/Release/binding.node\n → /Users/nrajlich/ref/Release/binding.node\n → /Users/nrajlich/ref/build/default/binding.node\n → /Users/nrajlich/ref/compiled/0.8.2/darwin/x64/binding.node\n    at bindings (/Users/nrajlich/ref/node_modules/bindings/bindings.js:84:13)\n    at Object.<anonymous> (/Users/nrajlich/ref/lib/ref.js:5:47)\n    at Module._compile (module.js:449:26)\n    at Object.Module._extensions..js (module.js:467:10)\n    at Module.load (module.js:356:32)\n    at Function.Module._load (module.js:312:12)\n    ...\n```\n\n\nLicense\n-------\n\n(The MIT License)\n\nCopyright (c) 2012 Nathan Rajlich &lt;nathan@tootallnate.net&gt;\n\nPermission is hereby granted, free of charge, to any person obtaining\na copy of this software and associated documentation files (the\n\'Software\'), to deal in the Software without restriction, including\nwithout limitation the rights to use, copy, modify, merge, publish,\ndistribute, sublicense, and/or sell copies of the Software, and to\npermit persons to whom the Software is furnished to do so, subject to\nthe following conditions:\n\nThe above copyright notice and this permission notice shall be\nincluded in all copies or substantial portions of the Software.\n\nTHE SOFTWARE IS PROVIDED \'AS IS\', WITHOUT WARRANTY OF ANY KIND,\nEXPRESS OR IMPLIED, INCLUDING BUT NOT LIMITED TO THE WARRANTIES OF\nMERCHANTABILITY, FITNESS FOR A PARTICULAR PURPOSE AND NONINFRINGEMENT.\nIN NO EVENT SHALL THE AUTHORS OR COPYRIGHT HOLDERS BE LIABLE FOR ANY\nCLAIM, DAMAGES OR OTHER LIABILITY, WHETHER IN AN ACTION OF CONTRACT,\nTORT OR OTHERWISE, ARISING FROM, OUT OF OR IN CONNECTION WITH THE\nSOFTWARE OR THE USE OR OTHER DEALINGS IN THE SOFTWARE.\n',
290 silly install resolved     readmeFilename: 'README.md' } ]
291 info install repl@0.1.3 into /Users/marcgille/git/thing-it-node/node_modules/i2c
292 info install underscore@1.8.2 into /Users/marcgille/git/thing-it-node/node_modules/i2c
293 info install coffee-script@1.9.1 into /Users/marcgille/git/thing-it-node/node_modules/i2c
294 info install bindings@1.2.1 into /Users/marcgille/git/thing-it-node/node_modules/i2c
295 info installOne repl@0.1.3
296 verbose installOne of repl to /Users/marcgille/git/thing-it-node/node_modules/i2c not in flight; installing
297 info installOne underscore@1.8.2
298 verbose installOne of underscore to /Users/marcgille/git/thing-it-node/node_modules/i2c not in flight; installing
299 info installOne coffee-script@1.9.1
300 verbose installOne of coffee-script to /Users/marcgille/git/thing-it-node/node_modules/i2c not in flight; installing
301 info installOne bindings@1.2.1
302 verbose installOne of bindings to /Users/marcgille/git/thing-it-node/node_modules/i2c not in flight; installing
303 verbose lock using /Users/marcgille/.npm/_locks/underscore-8e9236c08130ca9e.lock for /Users/marcgille/git/thing-it-node/node_modules/i2c/node_modules/underscore
304 silly install write writing underscore 1.8.2 to /Users/marcgille/git/thing-it-node/node_modules/i2c/node_modules/underscore
305 verbose lock using /Users/marcgille/.npm/_locks/coffee-script-b85a4282991d8dbf.lock for /Users/marcgille/git/thing-it-node/node_modules/i2c/node_modules/coffee-script
306 silly install write writing coffee-script 1.9.1 to /Users/marcgille/git/thing-it-node/node_modules/i2c/node_modules/coffee-script
307 verbose lock using /Users/marcgille/.npm/_locks/repl-9546a3ea8235657d.lock for /Users/marcgille/git/thing-it-node/node_modules/i2c/node_modules/repl
308 verbose lock using /Users/marcgille/.npm/_locks/bindings-056418f6bcb369eb.lock for /Users/marcgille/git/thing-it-node/node_modules/i2c/node_modules/bindings
309 silly install write writing repl 0.1.3 to /Users/marcgille/git/thing-it-node/node_modules/i2c/node_modules/repl
310 silly install write writing bindings 1.2.1 to /Users/marcgille/git/thing-it-node/node_modules/i2c/node_modules/bindings
311 verbose unbuild node_modules/i2c/node_modules/underscore
312 silly gentlyRm /Users/marcgille/git/thing-it-node/node_modules/i2c/node_modules/underscore is being purged from base /Users/marcgille/git/thing-it-node
313 verbose gentlyRm don't care about contents; nuking /Users/marcgille/git/thing-it-node/node_modules/i2c/node_modules/underscore
314 verbose tar unpack /Users/marcgille/.npm/underscore/1.8.2/package.tgz
315 verbose tar unpacking to /Users/marcgille/git/thing-it-node/node_modules/i2c/node_modules/underscore
316 silly gentlyRm /Users/marcgille/git/thing-it-node/node_modules/i2c/node_modules/underscore is being purged
317 verbose gentlyRm don't care about contents; nuking /Users/marcgille/git/thing-it-node/node_modules/i2c/node_modules/underscore
318 verbose unbuild node_modules/i2c/node_modules/coffee-script
319 verbose unbuild node_modules/i2c/node_modules/repl
320 silly gunzTarPerm modes [ '755', '644' ]
321 verbose unbuild node_modules/i2c/node_modules/bindings
322 silly gentlyRm /Users/marcgille/git/thing-it-node/node_modules/i2c/node_modules/coffee-script is being purged from base /Users/marcgille/git/thing-it-node
323 verbose gentlyRm don't care about contents; nuking /Users/marcgille/git/thing-it-node/node_modules/i2c/node_modules/coffee-script
324 silly gentlyRm /Users/marcgille/git/thing-it-node/node_modules/i2c/node_modules/repl is being purged from base /Users/marcgille/git/thing-it-node
325 verbose gentlyRm don't care about contents; nuking /Users/marcgille/git/thing-it-node/node_modules/i2c/node_modules/repl
326 silly gentlyRm /Users/marcgille/git/thing-it-node/node_modules/i2c/node_modules/bindings is being purged from base /Users/marcgille/git/thing-it-node
327 verbose gentlyRm don't care about contents; nuking /Users/marcgille/git/thing-it-node/node_modules/i2c/node_modules/bindings
328 verbose tar unpack /Users/marcgille/.npm/coffee-script/1.9.1/package.tgz
329 verbose tar unpacking to /Users/marcgille/git/thing-it-node/node_modules/i2c/node_modules/coffee-script
330 silly gentlyRm /Users/marcgille/git/thing-it-node/node_modules/i2c/node_modules/coffee-script is being purged
331 verbose gentlyRm don't care about contents; nuking /Users/marcgille/git/thing-it-node/node_modules/i2c/node_modules/coffee-script
332 verbose tar unpack /Users/marcgille/.npm/repl/0.1.3/package.tgz
333 verbose tar unpacking to /Users/marcgille/git/thing-it-node/node_modules/i2c/node_modules/repl
334 silly gentlyRm /Users/marcgille/git/thing-it-node/node_modules/i2c/node_modules/repl is being purged
335 verbose gentlyRm don't care about contents; nuking /Users/marcgille/git/thing-it-node/node_modules/i2c/node_modules/repl
336 verbose tar unpack /Users/marcgille/.npm/bindings/1.2.1/package.tgz
337 verbose tar unpacking to /Users/marcgille/git/thing-it-node/node_modules/i2c/node_modules/bindings
338 silly gentlyRm /Users/marcgille/git/thing-it-node/node_modules/i2c/node_modules/bindings is being purged
339 verbose gentlyRm don't care about contents; nuking /Users/marcgille/git/thing-it-node/node_modules/i2c/node_modules/bindings
340 silly gunzTarPerm modes [ '755', '644' ]
341 silly gunzTarPerm modes [ '755', '644' ]
342 silly gunzTarPerm modes [ '755', '644' ]
343 silly gunzTarPerm extractEntry package.json
344 silly gunzTarPerm extractEntry README.md
345 silly gunzTarPerm extractEntry LICENSE
346 silly gunzTarPerm extractEntry package.json
347 silly gunzTarPerm extractEntry test.js
348 silly gunzTarPerm extractEntry package.json
349 silly gunzTarPerm extractEntry .npmignore
350 silly gunzTarPerm extractEntry README
351 silly gunzTarPerm extractEntry README.md
352 silly gunzTarPerm extractEntry package.json
353 silly gunzTarPerm extractEntry README.md
354 silly gunzTarPerm extractEntry bindings.js
355 silly gunzTarPerm extractEntry underscore.js
356 silly gunzTarPerm extractEntry underscore-min.js
357 silly gunzTarPerm extractEntry underscore-min.map
358 silly gunzTarPerm extractEntry README.md
359 silly gunzTarPerm extractEntry index.js
360 silly gunzTarPerm extractEntry lib/repl.js
361 silly gunzTarPerm extractEntry LICENSE
362 silly gunzTarPerm extractEntry register.js
363 silly gunzTarPerm extractEntry repl.js
364 silly gunzTarPerm extractEntry bin/cake
365 silly gunzTarPerm extractEntry bin/coffee
366 silly gunzTarPerm extractEntry bower.json
367 silly gunzTarPerm extractEntry lib/coffee-script/browser.js
368 verbose write writing to /Users/marcgille/git/thing-it-node/node_modules/i2c/node_modules/bindings/package.json
369 silly gunzTarPerm extractEntry lib/coffee-script/grammar.js
370 silly gunzTarPerm extractEntry lib/coffee-script/helpers.js
371 info preinstall bindings@1.2.1
372 verbose write writing to /Users/marcgille/git/thing-it-node/node_modules/i2c/node_modules/repl/package.json
373 verbose readDependencies loading dependencies from /Users/marcgille/git/thing-it-node/node_modules/i2c/node_modules/bindings/package.json
374 info preinstall repl@0.1.3
375 silly gunzTarPerm extractEntry lib/coffee-script/index.js
376 silly gunzTarPerm extractEntry lib/coffee-script/lexer.js
377 verbose readDependencies loading dependencies from /Users/marcgille/git/thing-it-node/node_modules/i2c/node_modules/bindings/package.json
378 verbose readDependencies loading dependencies from /Users/marcgille/git/thing-it-node/node_modules/i2c/node_modules/repl/package.json
379 silly install resolved []
380 verbose about to build /Users/marcgille/git/thing-it-node/node_modules/i2c/node_modules/bindings
381 info build /Users/marcgille/git/thing-it-node/node_modules/i2c/node_modules/bindings
382 silly gunzTarPerm extractEntry lib/coffee-script/command.js
383 silly gunzTarPerm extractEntry lib/coffee-script/optparse.js
384 info linkStuff bindings@1.2.1
385 silly linkStuff bindings@1.2.1 has /Users/marcgille/git/thing-it-node/node_modules/i2c/node_modules as its parent node_modules
386 verbose readDependencies loading dependencies from /Users/marcgille/git/thing-it-node/node_modules/i2c/node_modules/repl/package.json
387 silly gunzTarPerm extractEntry lib/coffee-script/parser.js
388 silly gunzTarPerm extractEntry lib/coffee-script/register.js
389 silly install resolved []
390 verbose about to build /Users/marcgille/git/thing-it-node/node_modules/i2c/node_modules/repl
391 info build /Users/marcgille/git/thing-it-node/node_modules/i2c/node_modules/repl
392 verbose linkBins bindings@1.2.1
393 verbose linkMans bindings@1.2.1
394 verbose rebuildBundles bindings@1.2.1
395 info install bindings@1.2.1
396 silly gunzTarPerm extractEntry lib/coffee-script/repl.js
397 silly gunzTarPerm extractEntry lib/coffee-script/rewriter.js
398 info postinstall bindings@1.2.1
399 verbose unlock done using /Users/marcgille/.npm/_locks/bindings-056418f6bcb369eb.lock for /Users/marcgille/git/thing-it-node/node_modules/i2c/node_modules/bindings
400 info linkStuff repl@0.1.3
401 silly linkStuff repl@0.1.3 has /Users/marcgille/git/thing-it-node/node_modules/i2c/node_modules as its parent node_modules
402 silly gunzTarPerm extractEntry lib/coffee-script/coffee-script.js
403 silly gunzTarPerm extractEntry lib/coffee-script/scope.js
404 verbose linkBins repl@0.1.3
405 verbose linkMans repl@0.1.3
406 verbose rebuildBundles repl@0.1.3
407 info install repl@0.1.3
408 info postinstall repl@0.1.3
409 verbose unlock done using /Users/marcgille/.npm/_locks/repl-9546a3ea8235657d.lock for /Users/marcgille/git/thing-it-node/node_modules/i2c/node_modules/repl
410 silly gunzTarPerm extractEntry lib/coffee-script/cake.js
411 silly gunzTarPerm extractEntry lib/coffee-script/sourcemap.js
412 silly gunzTarPerm extractEntry lib/coffee-script/nodes.js
413 silly gunzTarPerm extractEntry CNAME
414 silly gunzTarPerm extractEntry CONTRIBUTING.md
415 verbose write writing to /Users/marcgille/git/thing-it-node/node_modules/i2c/node_modules/underscore/package.json
416 info preinstall underscore@1.8.2
417 verbose readDependencies loading dependencies from /Users/marcgille/git/thing-it-node/node_modules/i2c/node_modules/underscore/package.json
418 verbose readDependencies loading dependencies from /Users/marcgille/git/thing-it-node/node_modules/i2c/node_modules/underscore/package.json
419 silly install resolved []
420 verbose about to build /Users/marcgille/git/thing-it-node/node_modules/i2c/node_modules/underscore
421 info build /Users/marcgille/git/thing-it-node/node_modules/i2c/node_modules/underscore
422 info linkStuff underscore@1.8.2
423 silly linkStuff underscore@1.8.2 has /Users/marcgille/git/thing-it-node/node_modules/i2c/node_modules as its parent node_modules
424 verbose linkBins underscore@1.8.2
425 verbose linkMans underscore@1.8.2
426 verbose rebuildBundles underscore@1.8.2
427 info install underscore@1.8.2
428 info postinstall underscore@1.8.2
429 verbose unlock done using /Users/marcgille/.npm/_locks/underscore-8e9236c08130ca9e.lock for /Users/marcgille/git/thing-it-node/node_modules/i2c/node_modules/underscore
430 verbose write writing to /Users/marcgille/git/thing-it-node/node_modules/i2c/node_modules/coffee-script/package.json
431 info preinstall coffee-script@1.9.1
432 verbose readDependencies loading dependencies from /Users/marcgille/git/thing-it-node/node_modules/i2c/node_modules/coffee-script/package.json
433 verbose readDependencies loading dependencies from /Users/marcgille/git/thing-it-node/node_modules/i2c/node_modules/coffee-script/package.json
434 silly install resolved []
435 verbose about to build /Users/marcgille/git/thing-it-node/node_modules/i2c/node_modules/coffee-script
436 info build /Users/marcgille/git/thing-it-node/node_modules/i2c/node_modules/coffee-script
437 info linkStuff coffee-script@1.9.1
438 silly linkStuff coffee-script@1.9.1 has /Users/marcgille/git/thing-it-node/node_modules/i2c/node_modules as its parent node_modules
439 verbose linkBins coffee-script@1.9.1
440 verbose link bins [ { coffee: './bin/coffee', cake: './bin/cake' },
440 verbose link bins   '/Users/marcgille/git/thing-it-node/node_modules/i2c/node_modules/.bin',
440 verbose link bins   false ]
441 verbose linkMans coffee-script@1.9.1
442 verbose rebuildBundles coffee-script@1.9.1
443 silly gentlyRm /Users/marcgille/git/thing-it-node/node_modules/i2c/node_modules/.bin/coffee is being purged
444 verbose gentlyRm don't care about contents; nuking /Users/marcgille/git/thing-it-node/node_modules/i2c/node_modules/.bin/coffee
445 silly gentlyRm /Users/marcgille/git/thing-it-node/node_modules/i2c/node_modules/.bin/cake is being purged
446 verbose gentlyRm don't care about contents; nuking /Users/marcgille/git/thing-it-node/node_modules/i2c/node_modules/.bin/cake
447 info install coffee-script@1.9.1
448 info postinstall coffee-script@1.9.1
449 verbose unlock done using /Users/marcgille/.npm/_locks/coffee-script-b85a4282991d8dbf.lock for /Users/marcgille/git/thing-it-node/node_modules/i2c/node_modules/coffee-script
450 verbose about to build /Users/marcgille/git/thing-it-node/node_modules/i2c
451 info build /Users/marcgille/git/thing-it-node/node_modules/i2c
452 info linkStuff i2c@0.2.1
453 silly linkStuff i2c@0.2.1 has /Users/marcgille/git/thing-it-node/node_modules as its parent node_modules
454 verbose linkBins i2c@0.2.1
455 verbose linkMans i2c@0.2.1
456 verbose rebuildBundles i2c@0.2.1
457 verbose rebuildBundles [ '.bin', 'bindings', 'coffee-script', 'repl', 'underscore' ]
458 info install i2c@0.2.1
459 verbose unsafe-perm in lifecycle true
460 info i2c@0.2.1 Failed to exec install script
461 verbose unlock done using /Users/marcgille/.npm/_locks/i2c-b74b2169a713489a.lock for /Users/marcgille/git/thing-it-node/node_modules/i2c
462 verbose stack Error: i2c@0.2.1 install: `node-gyp rebuild`
462 verbose stack Exit status 1
462 verbose stack     at EventEmitter.<anonymous> (/usr/local/lib/node_modules/npm/lib/utils/lifecycle.js:214:16)
462 verbose stack     at emitTwo (events.js:87:13)
462 verbose stack     at EventEmitter.emit (events.js:172:7)
462 verbose stack     at ChildProcess.<anonymous> (/usr/local/lib/node_modules/npm/lib/utils/spawn.js:24:14)
462 verbose stack     at emitTwo (events.js:87:13)
462 verbose stack     at ChildProcess.emit (events.js:172:7)
462 verbose stack     at maybeClose (internal/child_process.js:817:16)
462 verbose stack     at Process.ChildProcess._handle.onexit (internal/child_process.js:211:5)
463 verbose pkgid i2c@0.2.1
464 verbose cwd /Users/marcgille/git/thing-it-node
465 error Darwin 15.3.0
466 error argv "/usr/local/bin/node" "/usr/local/bin/npm" "install" "--save" "i2c"
467 error node v4.0.0
468 error npm  v2.14.2
469 error code ELIFECYCLE
470 error i2c@0.2.1 install: `node-gyp rebuild`
470 error Exit status 1
471 error Failed at the i2c@0.2.1 install script 'node-gyp rebuild'.
471 error This is most likely a problem with the i2c package,
471 error not with npm itself.
471 error Tell the author that this fails on your system:
471 error     node-gyp rebuild
471 error You can get their info via:
471 error     npm owner ls i2c
471 error There is likely additional logging output above.
472 verbose exit [ 1, true ]
473 verbose unbuild node_modules/i2c
474 info preuninstall i2c@0.2.1
475 info uninstall i2c@0.2.1
476 verbose unbuild rmStuff i2c@0.2.1 from /Users/marcgille/git/thing-it-node/node_modules
477 info postuninstall i2c@0.2.1
478 silly gentlyRm /Users/marcgille/git/thing-it-node/node_modules/i2c is being purged from base /Users/marcgille/git/thing-it-node
479 verbose gentlyRm don't care about contents; nuking /Users/marcgille/git/thing-it-node/node_modules/i2c
480 silly vacuum-fs purging /Users/marcgille/git/thing-it-node/node_modules/i2c
481 silly vacuum-fs quitting because other entries in /Users/marcgille/git/thing-it-node/node_modules
